<?xml version="1.0" encoding="UTF-8"?>
<testng-results skipped="0" failed="0" ignored="0" total="1" passed="1">
  <reporter-output>
  </reporter-output>
  <suite name="Suite" duration-ms="64" started-at="2019-02-20T05:02:49Z" finished-at="2019-02-20T05:02:49Z">
    <groups>
    </groups>
    <test name="Test" duration-ms="64" started-at="2019-02-20T05:02:49Z" finished-at="2019-02-20T05:02:49Z">
      <class name="testNG_Files.NewTest">
        <test-method status="PASS" signature="f()[pri:0, instance:testNG_Files.NewTest@4439f31e]" name="f" duration-ms="14" started-at="2019-02-20T05:02:49Z" finished-at="2019-02-20T05:02:49Z">
          <reporter-output>
          </reporter-output>
        </test-method> <!-- f -->
      </class> <!-- testNG_Files.NewTest -->
    </test> <!-- Test -->
  </suite> <!-- Suite -->
</testng-results>
